2025-04-02 17:17:51,554 - INFO - Starting full experiment: Comparison of standard, inhibitor, quadratic inhibitor, and consmax attention mechanisms
2025-04-02 17:17:51,555 - INFO - Using configuration from: experiments/attention_comparison_config.yaml
2025-04-02 17:17:51,558 - INFO - Testing attention type: standard
2025-04-02 17:17:51,558 - INFO - Training model with standard attention...
2025-04-02 17:18:23,016 - INFO - Training completed in 31.46 seconds
2025-04-02 17:18:23,018 - INFO - Evaluating model with standard attention...
2025-04-02 17:18:50,458 - INFO - Testing attention type: inhibitor
2025-04-02 17:18:50,458 - INFO - Training model with inhibitor attention...
2025-04-02 17:19:46,263 - INFO - Training completed in 55.81 seconds
2025-04-02 17:19:46,266 - INFO - Evaluating model with inhibitor attention...
2025-04-02 17:20:16,000 - INFO - Testing attention type: quadratic_inhibitor
2025-04-02 17:20:16,000 - INFO - Training model with quadratic_inhibitor attention...
2025-04-02 17:21:09,440 - INFO - Training completed in 53.44 seconds
2025-04-02 17:21:09,441 - INFO - Evaluating model with quadratic_inhibitor attention...
2025-04-02 17:21:41,408 - INFO - Testing attention type: consmax
2025-04-02 17:21:41,409 - INFO - Training model with consmax attention...
2025-04-02 17:22:09,854 - INFO - Training completed in 28.44 seconds
2025-04-02 17:22:09,855 - INFO - Evaluating model with consmax attention...
2025-04-02 17:22:41,208 - INFO - Results summary saved to experiments/results/attention_comparison_full\attention_comparison_full_20250402_171751\results_summary.csv
2025-04-02 17:22:41,208 - INFO - Experiment completed. Results saved to experiments/results/attention_comparison_full\attention_comparison_full_20250402_171751
